{"/Users/alexandremarques/Development/COURSES/MOBILE/REACT_NATIVE/UnitTestProject/src/screens/Home/index.tsx": {"path":"/Users/alexandremarques/Development/COURSES/MOBILE/REACT_NATIVE/UnitTestProject/src/screens/Home/index.tsx","statementMap":{"0":{"start":{"line":14,"column":32},"end":{"line":14,"column":52}},"1":{"start":{"line":16,"column":24},"end":{"line":16,"column":67}},"2":{"start":{"line":16,"column":54},"end":{"line":16,"column":66}},"3":{"start":{"line":18,"column":21},"end":{"line":18,"column":34}},"4":{"start":{"line":20,"column":4},"end":{"line":22,"column":11}},"5":{"start":{"line":21,"column":8},"end":{"line":21,"column":40}},"6":{"start":{"line":24,"column":4},"end":{"line":28,"column":11}},"7":{"start":{"line":25,"column":8},"end":{"line":27,"column":17}},"8":{"start":{"line":26,"column":12},"end":{"line":26,"column":43}},"9":{"start":{"line":30,"column":4},"end":{"line":58,"column":6}},"10":{"start":{"line":38,"column":31},"end":{"line":38,"column":58}},"11":{"start":{"line":43,"column":31},"end":{"line":43,"column":61}},"12":{"start":{"line":48,"column":31},"end":{"line":48,"column":98}},"13":{"start":{"line":61,"column":15},"end":{"line":67,"column":2}}},"fnMap":{"0":{"name":"Home","decl":{"start":{"line":13,"column":24},"end":{"line":13,"column":28}},"loc":{"start":{"line":13,"column":52},"end":{"line":59,"column":1}},"line":13},"1":{"name":"(anonymous_1)","decl":{"start":{"line":16,"column":36},"end":{"line":16,"column":37}},"loc":{"start":{"line":16,"column":54},"end":{"line":16,"column":66}},"line":16},"2":{"name":"(anonymous_2)","decl":{"start":{"line":20,"column":14},"end":{"line":20,"column":15}},"loc":{"start":{"line":20,"column":20},"end":{"line":22,"column":5}},"line":20},"3":{"name":"(anonymous_3)","decl":{"start":{"line":24,"column":14},"end":{"line":24,"column":15}},"loc":{"start":{"line":24,"column":20},"end":{"line":28,"column":5}},"line":24},"4":{"name":"(anonymous_4)","decl":{"start":{"line":25,"column":19},"end":{"line":25,"column":20}},"loc":{"start":{"line":25,"column":25},"end":{"line":27,"column":9}},"line":25},"5":{"name":"(anonymous_5)","decl":{"start":{"line":38,"column":25},"end":{"line":38,"column":26}},"loc":{"start":{"line":38,"column":31},"end":{"line":38,"column":58}},"line":38},"6":{"name":"(anonymous_6)","decl":{"start":{"line":43,"column":25},"end":{"line":43,"column":26}},"loc":{"start":{"line":43,"column":31},"end":{"line":43,"column":61}},"line":43},"7":{"name":"(anonymous_7)","decl":{"start":{"line":48,"column":25},"end":{"line":48,"column":26}},"loc":{"start":{"line":48,"column":31},"end":{"line":48,"column":98}},"line":48}},"branchMap":{},"s":{"0":15,"1":15,"2":20,"3":15,"4":15,"5":8,"6":15,"7":8,"8":5,"9":15,"10":2,"11":2,"12":2,"13":1},"f":{"0":15,"1":20,"2":8,"3":8,"4":5,"5":2,"6":2,"7":2},"b":{},"_coverageSchema":"1a1c01bbd47fc00a2c39e90264f33305004495a9","hash":"9c1bd06139ae706b5b0284f63eeaa9ef5993e1a0"}
,"/Users/alexandremarques/Development/COURSES/MOBILE/REACT_NATIVE/UnitTestProject/src/store/index.tsx": {"path":"/Users/alexandremarques/Development/COURSES/MOBILE/REACT_NATIVE/UnitTestProject/src/store/index.tsx","statementMap":{"0":{"start":{"line":11,"column":28},"end":{"line":13,"column":1}},"1":{"start":{"line":16,"column":4},"end":{"line":21,"column":5}},"2":{"start":{"line":18,"column":12},"end":{"line":18,"column":56}},"3":{"start":{"line":20,"column":12},"end":{"line":20,"column":24}}},"fnMap":{"0":{"name":"reducer","decl":{"start":{"line":15,"column":16},"end":{"line":15,"column":23}},"loc":{"start":{"line":15,"column":66},"end":{"line":22,"column":1}},"line":15}},"branchMap":{"0":{"loc":{"start":{"line":15,"column":24},"end":{"line":15,"column":44}},"type":"default-arg","locations":[{"start":{"line":15,"column":32},"end":{"line":15,"column":44}}],"line":15},"1":{"loc":{"start":{"line":16,"column":4},"end":{"line":21,"column":5}},"type":"switch","locations":[{"start":{"line":17,"column":8},"end":{"line":18,"column":56}},{"start":{"line":19,"column":8},"end":{"line":20,"column":24}}],"line":16}},"s":{"0":1,"1":3,"2":2,"3":1},"f":{"0":3},"b":{"0":[0],"1":[2,1]},"_coverageSchema":"1a1c01bbd47fc00a2c39e90264f33305004495a9","hash":"44aa6a1163f58585b1541c7de9f0624ca3a18183"}
}
