TN:
SF:src/screens/Home/index.tsx
FN:13,Home
FN:16,(anonymous_1)
FN:20,(anonymous_2)
FN:24,(anonymous_3)
FN:25,(anonymous_4)
FN:38,(anonymous_5)
FN:43,(anonymous_6)
FN:48,(anonymous_7)
FNF:8
FNH:8
FNDA:15,Home
FNDA:20,(anonymous_1)
FNDA:8,(anonymous_2)
FNDA:8,(anonymous_3)
FNDA:5,(anonymous_4)
FNDA:2,(anonymous_5)
FNDA:2,(anonymous_6)
FNDA:2,(anonymous_7)
DA:14,15
DA:16,20
DA:18,15
DA:20,15
DA:21,8
DA:24,15
DA:25,8
DA:26,5
DA:30,15
DA:38,2
DA:43,2
DA:48,2
DA:61,1
LF:13
LH:13
BRF:0
BRH:0
end_of_record
TN:
SF:src/store/index.tsx
FN:15,reducer
FNF:1
FNH:1
FNDA:3,reducer
DA:11,1
DA:16,3
DA:18,2
DA:20,1
LF:4
LH:4
BRDA:15,0,0,0
BRDA:16,1,0,2
BRDA:16,1,1,1
BRF:3
BRH:2
end_of_record
